<?xml version="1.0" encoding="UTF-8"?>
<testsuite name="TestSuite" time="5.673" tests="2" errors="0" skipped="0" failures="2">
  <properties>
[...]
</properties>
  <testcase name="addComment" classname="ui.EditIssueTest" time="5.642">
    <failure message="cannot forward the request 192.168.0.104:5555 failed to respond&#10;Command duration or timeout: 435 milliseconds" type="org.openqa.selenium.WebDriverException">org.openqa.selenium.WebDriverException: cannot forward the request 192.168.0.104:5555 failed to respond
Command duration or timeout: 435 milliseconds
	at utils.ListenerTest.onTestFailure(ListenerTest.java:50)
	at org.testng.internal.Invoker.runTestListeners(Invoker.java:1716)
	at org.testng.internal.Invoker.runTestListeners(Invoker.java:1699)
	at org.testng.internal.Invoker.invokeMethod(Invoker.java:703)
	at org.testng.internal.Invoker.invokeTestMethod(Invoker.java:851)
	at org.testng.internal.Invoker.invokeTestMethods(Invoker.java:1177)
	at org.testng.internal.TestMethodWorker.invokeTestMethods(TestMethodWorker.java:129)
	at org.testng.internal.TestMethodWorker.run(TestMethodWorker.java:112)
	at org.testng.TestRunner.privateRun(TestRunner.java:756)
	at org.testng.TestRunner.run(TestRunner.java:610)
	at org.testng.SuiteRunner.runTest(SuiteRunner.java:387)
	at org.testng.SuiteRunner.access$000(SuiteRunner.java:39)
	at org.testng.SuiteRunner$SuiteWorker.run(SuiteRunner.java:421)
	at org.testng.internal.thread.ThreadUtil$2.call(ThreadUtil.java:64)
	at java.base/java.util.concurrent.FutureTask.run(FutureTask.java:264)
	at java.base/java.util.concurrent.ThreadPoolExecutor.runWorker(ThreadPoolExecutor.java:1167)
	at java.base/java.util.concurrent.ThreadPoolExecutor$Worker.run(ThreadPoolExecutor.java:641)
	at java.base/java.lang.Thread.run(Thread.java:844)
Caused by: org.openqa.selenium.WebDriverException: cannot forward the request 192.168.0.104:5555 failed to respond
Build info: version: '3.4.0', revision: 'unknown', time: 'unknown'
System info: host: 'Nataliias-MacBook.local', ip: 'fe80:0:0:0:c35:8421:e1a:d613%en0', os.name: 'Mac OS X', os.arch: 'x86_64', os.version: '10.12.6', java.version: '9.0.1'
Driver info: driver.version: unknown
	at org.openqa.grid.web.servlet.handler.RequestHandler.process(RequestHandler.java:137)
	at org.openqa.grid.web.servlet.DriverServlet.process(DriverServlet.java:83)
	at org.openqa.grid.web.servlet.DriverServlet.doPost(DriverServlet.java:67)
	at javax.servlet.http.HttpServlet.service(HttpServlet.java:707)
	at javax.servlet.http.HttpServlet.service(HttpServlet.java:790)
	at org.seleniumhq.jetty9.servlet.ServletHolder.handle(ServletHolder.java:841)
	at org.seleniumhq.jetty9.servlet.ServletHandler.doHandle(ServletHandler.java:543)
	at org.seleniumhq.jetty9.server.handler.ScopedHandler.nextHandle(ScopedHandler.java:188)
	at org.seleniumhq.jetty9.server.session.SessionHandler.doHandle(SessionHandler.java:1584)
	at org.seleniumhq.jetty9.server.handler.ScopedHandler.nextHandle(ScopedHandler.java:188)
	at org.seleniumhq.jetty9.server.handler.ContextHandler.doHandle(ContextHandler.java:1228)
	at org.seleniumhq.jetty9.server.handler.ScopedHandler.nextScope(ScopedHandler.java:168)
	at org.seleniumhq.jetty9.servlet.ServletHandler.doScope(ServletHandler.java:481)
	at org.seleniumhq.jetty9.server.session.SessionHandler.doScope(SessionHandler.java:1553)
	at org.seleniumhq.jetty9.server.handler.ScopedHandler.nextScope(ScopedHandler.java:166)
	at org.seleniumhq.jetty9.server.handler.ContextHandler.doScope(ContextHandler.java:1130)
	at org.seleniumhq.jetty9.server.handler.ScopedHandler.handle(ScopedHandler.java:141)
	at org.seleniumhq.jetty9.server.handler.HandlerWrapper.handle(HandlerWrapper.java:132)
	at org.seleniumhq.jetty9.server.Server.handle(Server.java:564)
	at org.seleniumhq.jetty9.server.HttpChannel.handle(HttpChannel.java:320)
	at org.seleniumhq.jetty9.server.HttpConnection.onFillable(HttpConnection.java:251)
	at org.seleniumhq.jetty9.io.AbstractConnection$ReadCallback.succeeded(AbstractConnection.java:279)
	at org.seleniumhq.jetty9.io.FillInterest.fillable(FillInterest.java:112)
	at org.seleniumhq.jetty9.io.ChannelEndPoint$2.run(ChannelEndPoint.java:124)
	at org.seleniumhq.jetty9.util.thread.Invocable.invokePreferred(Invocable.java:122)
	at org.seleniumhq.jetty9.util.thread.strategy.ExecutingExecutionStrategy.invoke(ExecutingExecutionStrategy.java:58)
	at org.seleniumhq.jetty9.util.thread.strategy.ExecuteProduceConsume.produceConsume(ExecuteProduceConsume.java:201)
	at org.seleniumhq.jetty9.util.thread.strategy.ExecuteProduceConsume.run(ExecuteProduceConsume.java:133)
	at org.seleniumhq.jetty9.util.thread.QueuedThreadPool.runJob(QueuedThreadPool.java:672)
	at org.seleniumhq.jetty9.util.thread.QueuedThreadPool$2.run(QueuedThreadPool.java:590)
	at java.lang.Thread.run(Thread.java:844)
</failure>
    <system-out><![CDATA[2018-02-08 22:58:48 INFO  ListenerTest:17 - CREATING browser instance - chrome
2018-02-08 22:58:50 INFO  ListenerTest:77 - STARTED on browserName=chrome
2018-02-08 22:58:50 INFO  ListenerTest:102 - IMPLICIT WAIT WAS CHANGED TO: 30
2018-02-08 22:58:51 INFO  BasePage:21 - OPENING URL: http://jira.hillel.it:8080/login.jsp
2018-02-08 22:58:55 INFO  BasePage:187 - IS ON THE PAGE: http://jira.hillel.it:8080/login.jsp
2018-02-08 22:58:55 INFO  BasePage:71 - WAIT ELEMENT TO BE PRESENT AND SEND KEYS: SEND qa_auto_5_team_1 TO By.id: login-form-username
2018-02-08 22:58:55 INFO  BasePage:71 - WAIT ELEMENT TO BE PRESENT AND SEND KEYS: SEND qa_auto_5_team_1 TO By.id: login-form-password
2018-02-08 22:58:55 INFO  BasePage:105 - WAIT ELEMENT TO BE PRESENT AND SUBMIT: By.id: login-form-submit
2018-02-08 22:59:13 INFO  BasePage:187 - IS ON THE PAGE: http://jira.hillel.it:8080/browse/QAAUT-1
2018-02-08 22:59:13 INFO  ListenerTest:35 - TEST: addComment STARTED
2018-02-08 22:59:13 INFO  BasePage:55 - WAIT ELEMENT TO BE PRESENT AND CLICK: By.id: footer-comment-button
2018-02-08 22:59:13 INFO  BasePage:55 - WAIT ELEMENT TO BE PRESENT AND CLICK: By.id: comment
2018-02-08 22:59:13 INFO  BasePage:71 - WAIT ELEMENT TO BE PRESENT AND SEND KEYS: SEND Very useful comment TO By.id: comment
2018-02-08 22:59:14 INFO  BasePage:55 - WAIT ELEMENT TO BE PRESENT AND CLICK: By.id: issue-comment-add-submit
2018-02-08 22:59:18 ERROR ListenerTest:49 - TEST: addComment FAILED
2018-02-08 22:59:18 ERROR ListenerTest:50 - org.openqa.selenium.WebDriverException: cannot forward the request 192.168.0.104:5555 failed to respond
Command duration or timeout: 435 milliseconds
ANNOTATION: C3]]></system-out>
    <system-err><![CDATA[Feb 08, 2018 10:58:50 PM org.openqa.selenium.remote.ProtocolHandshake createSession
INFO: Detected dialect: OSS
]]></system-err>
  </testcase>
  <testcase name="checkButtonWork" classname="ui.EditIssueTest" time="0.031">
    <failure message="Session [dbeaba5f-3b69-456e-915a-07c5fbe116e5] was terminated due to FORWARDING_TO_NODE_FAILED&#10;Command duration or timeout: 27 milliseconds" type="org.openqa.selenium.WebDriverException">org.openqa.selenium.WebDriverException: Session [dbeaba5f-3b69-456e-915a-07c5fbe116e5] was terminated due to FORWARDING_TO_NODE_FAILED
Command duration or timeout: 27 milliseconds
	at utils.ListenerTest.onTestFailure(ListenerTest.java:50)
	at org.testng.internal.Invoker.runTestListeners(Invoker.java:1716)
	at org.testng.internal.Invoker.runTestListeners(Invoker.java:1699)
	at org.testng.internal.Invoker.invokeMethod(Invoker.java:703)
	at org.testng.internal.Invoker.invokeTestMethod(Invoker.java:851)
	at org.testng.internal.Invoker.invokeTestMethods(Invoker.java:1177)
	at org.testng.internal.TestMethodWorker.invokeTestMethods(TestMethodWorker.java:129)
	at org.testng.internal.TestMethodWorker.run(TestMethodWorker.java:112)
	at org.testng.TestRunner.privateRun(TestRunner.java:756)
	at org.testng.TestRunner.run(TestRunner.java:610)
	at org.testng.SuiteRunner.runTest(SuiteRunner.java:387)
	at org.testng.SuiteRunner.access$000(SuiteRunner.java:39)
	at org.testng.SuiteRunner$SuiteWorker.run(SuiteRunner.java:421)
	at org.testng.internal.thread.ThreadUtil$2.call(ThreadUtil.java:64)
	at java.base/java.util.concurrent.FutureTask.run(FutureTask.java:264)
	at java.base/java.util.concurrent.ThreadPoolExecutor.runWorker(ThreadPoolExecutor.java:1167)
	at java.base/java.util.concurrent.ThreadPoolExecutor$Worker.run(ThreadPoolExecutor.java:641)
	at java.base/java.lang.Thread.run(Thread.java:844)
Caused by: org.openqa.selenium.WebDriverException: Session [dbeaba5f-3b69-456e-915a-07c5fbe116e5] was terminated due to FORWARDING_TO_NODE_FAILED
Build info: version: '3.4.0', revision: 'unknown', time: 'unknown'
System info: host: 'Nataliias-MacBook.local', ip: 'fe80:0:0:0:c35:8421:e1a:d613%en0', os.name: 'Mac OS X', os.arch: 'x86_64', os.version: '10.12.6', java.version: '9.0.1'
Driver info: driver.version: unknown
	at org.openqa.grid.internal.ActiveTestSessions.getExistingSession(ActiveTestSessions.java:105)
	at org.openqa.grid.internal.Registry.getExistingSession(Registry.java:404)
	at org.openqa.grid.web.servlet.handler.RequestHandler.getSession(RequestHandler.java:232)
	at org.openqa.grid.web.servlet.handler.RequestHandler.process(RequestHandler.java:117)
	at org.openqa.grid.web.servlet.DriverServlet.process(DriverServlet.java:83)
	at org.openqa.grid.web.servlet.DriverServlet.doPost(DriverServlet.java:67)
	at javax.servlet.http.HttpServlet.service(HttpServlet.java:707)
	at javax.servlet.http.HttpServlet.service(HttpServlet.java:790)
	at org.seleniumhq.jetty9.servlet.ServletHolder.handle(ServletHolder.java:841)
	at org.seleniumhq.jetty9.servlet.ServletHandler.doHandle(ServletHandler.java:543)
	at org.seleniumhq.jetty9.server.handler.ScopedHandler.nextHandle(ScopedHandler.java:188)
	at org.seleniumhq.jetty9.server.session.SessionHandler.doHandle(SessionHandler.java:1584)
	at org.seleniumhq.jetty9.server.handler.ScopedHandler.nextHandle(ScopedHandler.java:188)
	at org.seleniumhq.jetty9.server.handler.ContextHandler.doHandle(ContextHandler.java:1228)
	at org.seleniumhq.jetty9.server.handler.ScopedHandler.nextScope(ScopedHandler.java:168)
	at org.seleniumhq.jetty9.servlet.ServletHandler.doScope(ServletHandler.java:481)
	at org.seleniumhq.jetty9.server.session.SessionHandler.doScope(SessionHandler.java:1553)
	at org.seleniumhq.jetty9.server.handler.ScopedHandler.nextScope(ScopedHandler.java:166)
	at org.seleniumhq.jetty9.server.handler.ContextHandler.doScope(ContextHandler.java:1130)
	at org.seleniumhq.jetty9.server.handler.ScopedHandler.handle(ScopedHandler.java:141)
	at org.seleniumhq.jetty9.server.handler.HandlerWrapper.handle(HandlerWrapper.java:132)
	at org.seleniumhq.jetty9.server.Server.handle(Server.java:564)
	at org.seleniumhq.jetty9.server.HttpChannel.handle(HttpChannel.java:320)
	at org.seleniumhq.jetty9.server.HttpConnection.onFillable(HttpConnection.java:251)
	at org.seleniumhq.jetty9.io.AbstractConnection$ReadCallback.succeeded(AbstractConnection.java:279)
	at org.seleniumhq.jetty9.io.FillInterest.fillable(FillInterest.java:112)
	at org.seleniumhq.jetty9.io.ChannelEndPoint$2.run(ChannelEndPoint.java:124)
	at org.seleniumhq.jetty9.util.thread.QueuedThreadPool.runJob(QueuedThreadPool.java:672)
	at org.seleniumhq.jetty9.util.thread.QueuedThreadPool$2.run(QueuedThreadPool.java:590)
	at java.lang.Thread.run(Thread.java:844)
</failure>
    <system-out><![CDATA[2018-02-08 22:59:18 INFO  ListenerTest:35 - TEST: checkButtonWork STARTED
2018-02-08 22:59:19 ERROR ListenerTest:49 - TEST: checkButtonWork FAILED
2018-02-08 22:59:19 ERROR ListenerTest:50 - org.openqa.selenium.WebDriverException: Session [dbeaba5f-3b69-456e-915a-07c5fbe116e5] was terminated due to FORWARDING_TO_NODE_FAILED
Command duration or timeout: 27 milliseconds
ANNOTATION: C6]]></system-out>
  </testcase>
</testsuite>